# JRE version: Java(TM) SE Runtime Environment (8.0_191-b12) (build 1.8.0_191-b12)
# Java VM: Java HotSpot(TM) 64-Bit Server VM (25.191-b12 mixed mode linux-amd64 compressed oops)
Heap:
 PSYoungGen      total 396800K, used 0K [0x00000000e1980000, 0x0000000100000000, 0x0000000100000000)
  eden space 295424K, 0% used [0x00000000e1980000,0x00000000e1980000,0x00000000f3a00000)
  from space 101376K, 0% used [0x00000000f3a00000,0x00000000f3a00000,0x00000000f9d00000)
  to   space 99840K, 0% used [0x00000000f9e80000,0x00000000f9e80000,0x0000000100000000)
 ParOldGen       total 612352K, used 510257K [0x00000000a4c00000, 0x00000000ca200000, 0x00000000e1980000)
  object space 612352K, 83% used [0x00000000a4c00000,0x00000000c3e4c578,0x00000000ca200000)
 Metaspace       used 116561K, capacity 128126K, committed 128276K, reserved 1161216K
  class space    used 16205K, capacity 17401K, committed 17428K, reserved 1048576K
GC Heap History (10 events):
Event: 356.227 GC heap after
Heap after GC invocations=36 (full 7):
 PSYoungGen      total 403456K, used 43051K [0x00000000e1980000, 0x0000000100000000, 0x0000000100000000)
  eden space 331264K, 0% used [0x00000000e1980000,0x00000000e1980000,0x00000000f5d00000)
  from space 72192K, 59% used [0x00000000fb980000,0x00000000fe38afd0,0x0000000100000000)
  to   space 83456K, 0% used [0x00000000f5d00000,0x00000000f5d00000,0x00000000fae80000)
 ParOldGen       total 709120K, used 630592K [0x00000000a4c00000, 0x00000000d0080000, 0x00000000e1980000)
  object space 709120K, 88% used [0x00000000a4c00000,0x00000000cb3d0008,0x00000000d0080000)
 Metaspace       used 114242K, capacity 124526K, committed 124692K, reserved 1157120K
  class space    used 15776K, capacity 16813K, committed 16916K, reserved 1048576K
}
Event: 357.246 GC heap before
{Heap before GC invocations=37 (full 8):
 PSYoungGen      total 403456K, used 43051K [0x00000000e1980000, 0x0000000100000000, 0x0000000100000000)
  eden space 331264K, 0% used [0x00000000e1980000,0x00000000e1980000,0x00000000f5d00000)
  from space 72192K, 59% used [0x00000000fb980000,0x00000000fe38afd0,0x0000000100000000)
  to   space 83456K, 0% used [0x00000000f5d00000,0x00000000f5d00000,0x00000000fae80000)
 ParOldGen       total 709120K, used 630592K [0x00000000a4c00000, 0x00000000d0080000, 0x00000000e1980000)
  object space 709120K, 88% used [0x00000000a4c00000,0x00000000cb3d0008,0x00000000d0080000)
 Metaspace       used 114242K, capacity 124526K, committed 124692K, reserved 1157120K
  class space    used 15776K, capacity 16813K, committed 16916K, reserved 1048576K
Event: 364.606 GC heap after
Heap after GC invocations=37 (full 8):
 PSYoungGen      total 403456K, used 0K [0x00000000e1980000, 0x0000000100000000, 0x0000000100000000)
  eden space 331264K, 0% used [0x00000000e1980000,0x00000000e1980000,0x00000000f5d00000)
  from space 72192K, 0% used [0x00000000fb980000,0x00000000fb980000,0x0000000100000000)
  to   space 83456K, 0% used [0x00000000f5d00000,0x00000000f5d00000,0x00000000fae80000)
 ParOldGen       total 612352K, used 375438K [0x00000000a4c00000, 0x00000000ca200000, 0x00000000e1980000)
  object space 612352K, 61% used [0x00000000a4c00000,0x00000000bbaa3908,0x00000000ca200000)
 Metaspace       used 114242K, capacity 124526K, committed 124692K, reserved 1157120K
  class space    used 15776K, capacity 16813K, committed 16916K, reserved 1048576K
}
Event: 368.067 GC heap before
{Heap before GC invocations=38 (full 8):
 PSYoungGen      total 403456K, used 331264K [0x00000000e1980000, 0x0000000100000000, 0x0000000100000000)
  eden space 331264K, 100% used [0x00000000e1980000,0x00000000f5d00000,0x00000000f5d00000)
  from space 72192K, 0% used [0x00000000fb980000,0x00000000fb980000,0x0000000100000000)
  to   space 83456K, 0% used [0x00000000f5d00000,0x00000000f5d00000,0x00000000fae80000)
 ParOldGen       total 612352K, used 375438K [0x00000000a4c00000, 0x00000000ca200000, 0x00000000e1980000)
  object space 612352K, 61% used [0x00000000a4c00000,0x00000000bbaa3908,0x00000000ca200000)
 Metaspace       used 114242K, capacity 124526K, committed 124692K, reserved 1157120K
  class space    used 15776K, capacity 16813K, committed 16916K, reserved 1048576K
Event: 370.328 GC heap after
Heap after GC invocations=38 (full 8):
 PSYoungGen      total 414720K, used 83456K [0x00000000e1980000, 0x0000000100000000, 0x0000000100000000)
  eden space 331264K, 0% used [0x00000000e1980000,0x00000000e1980000,0x00000000f5d00000)
  from space 83456K, 100% used [0x00000000f5d00000,0x00000000fae80000,0x00000000fae80000)
  to   space 83456K, 0% used [0x00000000fae80000,0x00000000fae80000,0x0000000100000000)
 ParOldGen       total 612352K, used 381822K [0x00000000a4c00000, 0x00000000ca200000, 0x00000000e1980000)
  object space 612352K, 62% used [0x00000000a4c00000,0x00000000bc0df938,0x00000000ca200000)
 Metaspace       used 114242K, capacity 124526K, committed 124692K, reserved 1157120K
  class space    used 15776K, capacity 16813K, committed 16916K, reserved 1048576K
}
Event: 424.074 GC heap before
{Heap before GC invocations=39 (full 8):
 PSYoungGen      total 414720K, used 414720K [0x00000000e1980000, 0x0000000100000000, 0x0000000100000000)
  eden space 331264K, 100% used [0x00000000e1980000,0x00000000f5d00000,0x00000000f5d00000)
  from space 83456K, 100% used [0x00000000f5d00000,0x00000000fae80000,0x00000000fae80000)
  to   space 83456K, 0% used [0x00000000fae80000,0x00000000fae80000,0x0000000100000000)
 ParOldGen       total 612352K, used 381822K [0x00000000a4c00000, 0x00000000ca200000, 0x00000000e1980000)
  object space 612352K, 62% used [0x00000000a4c00000,0x00000000bc0df938,0x00000000ca200000)
 Metaspace       used 116486K, capacity 128120K, committed 128276K, reserved 1161216K
  class space    used 16201K, capacity 17400K, committed 17428K, reserved 1048576K
Event: 428.093 GC heap after
Heap after GC invocations=39 (full 8):
 PSYoungGen      total 378880K, used 50248K [0x00000000e1980000, 0x0000000100000000, 0x0000000100000000)
  eden space 295424K, 0% used [0x00000000e1980000,0x00000000e1980000,0x00000000f3a00000)
  from space 83456K, 60% used [0x00000000fae80000,0x00000000fdf920c0,0x0000000100000000)
  to   space 101376K, 0% used [0x00000000f3a00000,0x00000000f3a00000,0x00000000f9d00000)
 ParOldGen       total 612352K, used 469782K [0x00000000a4c00000, 0x00000000ca200000, 0x00000000e1980000)
  object space 612352K, 76% used [0x00000000a4c00000,0x00000000c16c5938,0x00000000ca200000)
 Metaspace       used 116486K, capacity 128120K, committed 128276K, reserved 1161216K
  class space    used 16201K, capacity 17400K, committed 17428K, reserved 1048576K
}
Event: 434.035 GC heap before
{Heap before GC invocations=40 (full 8):
 PSYoungGen      total 378880K, used 345672K [0x00000000e1980000, 0x0000000100000000, 0x0000000100000000)
  eden space 295424K, 100% used [0x00000000e1980000,0x00000000f3a00000,0x00000000f3a00000)
  from space 83456K, 60% used [0x00000000fae80000,0x00000000fdf920c0,0x0000000100000000)
  to   space 101376K, 0% used [0x00000000f3a00000,0x00000000f3a00000,0x00000000f9d00000)
 ParOldGen       total 612352K, used 469782K [0x00000000a4c00000, 0x00000000ca200000, 0x00000000e1980000)
  object space 612352K, 76% used [0x00000000a4c00000,0x00000000c16c5938,0x00000000ca200000)
 Metaspace       used 116561K, capacity 128126K, committed 128276K, reserved 1161216K
  class space    used 16205K, capacity 17401K, committed 17428K, reserved 1048576K
Event: 434.149 GC heap after
Heap after GC invocations=40 (full 8):
 PSYoungGen      total 396800K, used 2580K [0x00000000e1980000, 0x0000000100000000, 0x0000000100000000)
  eden space 295424K, 0% used [0x00000000e1980000,0x00000000e1980000,0x00000000f3a00000)
  from space 101376K, 2% used [0x00000000f3a00000,0x00000000f3c85168,0x00000000f9d00000)
  to   space 99840K, 0% used [0x00000000f9e80000,0x00000000f9e80000,0x0000000100000000)
 ParOldGen       total 612352K, used 521128K [0x00000000a4c00000, 0x00000000ca200000, 0x00000000e1980000)
  object space 612352K, 85% used [0x00000000a4c00000,0x00000000c48ea208,0x00000000ca200000)
 Metaspace       used 116561K, capacity 128126K, committed 128276K, reserved 1161216K
  class space    used 16205K, capacity 17401K, committed 17428K, reserved 1048576K
}
Event: 434.149 GC heap before
{Heap before GC invocations=41 (full 9):
 PSYoungGen      total 396800K, used 2580K [0x00000000e1980000, 0x0000000100000000, 0x0000000100000000)
  eden space 295424K, 0% used [0x00000000e1980000,0x00000000e1980000,0x00000000f3a00000)
  from space 101376K, 2% used [0x00000000f3a00000,0x00000000f3c85168,0x00000000f9d00000)
  to   space 99840K, 0% used [0x00000000f9e80000,0x00000000f9e80000,0x0000000100000000)
 ParOldGen       total 612352K, used 521128K [0x00000000a4c00000, 0x00000000ca200000, 0x00000000e1980000)
  object space 612352K, 85% used [0x00000000a4c00000,0x00000000c48ea208,0x00000000ca200000)
 Metaspace       used 116561K, capacity 128126K, committed 128276K, reserved 1161216K
  class space    used 16205K, capacity 17401K, committed 17428K, reserved 1048576K

