# JRE version: Java(TM) SE Runtime Environment (8.0_191-b12) (build 1.8.0_191-b12)
# Java VM: Java HotSpot(TM) 64-Bit Server VM (25.191-b12 mixed mode linux-amd64 compressed oops)
Heap:
 PSYoungGen      total 346624K, used 1910K [0x00000000e1980000, 0x0000000100000000, 0x0000000100000000)
  eden space 255488K, 0% used [0x00000000e1980000,0x00000000e1980000,0x00000000f1300000)
  from space 91136K, 2% used [0x00000000f1300000,0x00000000f14ddad0,0x00000000f6c00000)
  to   space 99840K, 0% used [0x00000000f9e80000,0x00000000f9e80000,0x0000000100000000)
 ParOldGen       total 477696K, used 477293K [0x00000000a4c00000, 0x00000000c1e80000, 0x00000000e1980000)
  object space 477696K, 99% used [0x00000000a4c00000,0x00000000c1e1b680,0x00000000c1e80000)
 Metaspace       used 106446K, capacity 113358K, committed 113556K, reserved 1146880K
  class space    used 14439K, capacity 15140K, committed 15252K, reserved 1048576K
GC Heap History (10 events):
Event: 59.545 GC heap after
Heap after GC invocations=23 (full 5):
 PSYoungGen      total 280064K, used 0K [0x00000000e1980000, 0x00000000fb300000, 0x0000000100000000)
  eden space 229888K, 0% used [0x00000000e1980000,0x00000000e1980000,0x00000000efa00000)
  from space 50176K, 0% used [0x00000000f4780000,0x00000000f4780000,0x00000000f7880000)
  to   space 79360K, 0% used [0x00000000efa00000,0x00000000efa00000,0x00000000f4780000)
 ParOldGen       total 333824K, used 208769K [0x00000000a4c00000, 0x00000000b9200000, 0x00000000e1980000)
  object space 333824K, 62% used [0x00000000a4c00000,0x00000000b17e0540,0x00000000b9200000)
 Metaspace       used 85724K, capacity 89788K, committed 90004K, reserved 1128448K
  class space    used 11349K, capacity 11831K, committed 11924K, reserved 1048576K
}
Event: 68.373 GC heap before
{Heap before GC invocations=24 (full 5):
 PSYoungGen      total 280064K, used 220293K [0x00000000e1980000, 0x00000000fb300000, 0x0000000100000000)
  eden space 229888K, 95% used [0x00000000e1980000,0x00000000ef0a1778,0x00000000efa00000)
  from space 50176K, 0% used [0x00000000f4780000,0x00000000f4780000,0x00000000f7880000)
  to   space 79360K, 0% used [0x00000000efa00000,0x00000000efa00000,0x00000000f4780000)
 ParOldGen       total 333824K, used 208769K [0x00000000a4c00000, 0x00000000b9200000, 0x00000000e1980000)
  object space 333824K, 62% used [0x00000000a4c00000,0x00000000b17e0540,0x00000000b9200000)
 Metaspace       used 106209K, capacity 113026K, committed 113172K, reserved 1146880K
  class space    used 14399K, capacity 15073K, committed 15124K, reserved 1048576K
Event: 68.420 GC heap after
Heap after GC invocations=24 (full 5):
 PSYoungGen      total 309248K, used 31092K [0x00000000e1980000, 0x00000000fb680000, 0x0000000100000000)
  eden space 229888K, 0% used [0x00000000e1980000,0x00000000e1980000,0x00000000efa00000)
  from space 79360K, 39% used [0x00000000efa00000,0x00000000f185d3d0,0x00000000f4780000)
  to   space 76288K, 0% used [0x00000000f6c00000,0x00000000f6c00000,0x00000000fb680000)
 ParOldGen       total 333824K, used 208777K [0x00000000a4c00000, 0x00000000b9200000, 0x00000000e1980000)
  object space 333824K, 62% used [0x00000000a4c00000,0x00000000b17e2540,0x00000000b9200000)
 Metaspace       used 106209K, capacity 113026K, committed 113172K, reserved 1146880K
  class space    used 14399K, capacity 15073K, committed 15124K, reserved 1048576K
}
Event: 71.597 GC heap before
{Heap before GC invocations=25 (full 6):
 PSYoungGen      total 309248K, used 260980K [0x00000000e1980000, 0x00000000fb680000, 0x0000000100000000)
  eden space 229888K, 100% used [0x00000000e1980000,0x00000000efa00000,0x00000000efa00000)
  from space 79360K, 39% used [0x00000000efa00000,0x00000000f185d3d0,0x00000000f4780000)
  to   space 76288K, 0% used [0x00000000f6c00000,0x00000000f6c00000,0x00000000fb680000)
 ParOldGen       total 333824K, used 331913K [0x00000000a4c00000, 0x00000000b9200000, 0x00000000e1980000)
  object space 333824K, 99% used [0x00000000a4c00000,0x00000000b9022550,0x00000000b9200000)
 Metaspace       used 106446K, capacity 113358K, committed 113556K, reserved 1146880K
  class space    used 14439K, capacity 15140K, committed 15252K, reserved 1048576K
Event: 72.287 GC heap after
Heap after GC invocations=25 (full 6):
 PSYoungGen      total 309248K, used 22821K [0x00000000e1980000, 0x00000000fb680000, 0x0000000100000000)
  eden space 229888K, 9% used [0x00000000e1980000,0x00000000e2fc9540,0x00000000efa00000)
  from space 79360K, 0% used [0x00000000efa00000,0x00000000efa00000,0x00000000f4780000)
  to   space 76288K, 0% used [0x00000000f6c00000,0x00000000f6c00000,0x00000000fb680000)
 ParOldGen       total 477696K, used 333694K [0x00000000a4c00000, 0x00000000c1e80000, 0x00000000e1980000)
  object space 477696K, 69% used [0x00000000a4c00000,0x00000000b91df9a0,0x00000000c1e80000)
 Metaspace       used 106446K, capacity 113358K, committed 113556K, reserved 1146880K
  class space    used 14439K, capacity 15140K, committed 15252K, reserved 1048576K
}
Event: 72.547 GC heap before
{Heap before GC invocations=26 (full 6):
 PSYoungGen      total 309248K, used 229888K [0x00000000e1980000, 0x00000000fb680000, 0x0000000100000000)
  eden space 229888K, 100% used [0x00000000e1980000,0x00000000efa00000,0x00000000efa00000)
  from space 79360K, 0% used [0x00000000efa00000,0x00000000efa00000,0x00000000f4780000)
  to   space 76288K, 0% used [0x00000000f6c00000,0x00000000f6c00000,0x00000000fb680000)
 ParOldGen       total 477696K, used 333694K [0x00000000a4c00000, 0x00000000c1e80000, 0x00000000e1980000)
  object space 477696K, 69% used [0x00000000a4c00000,0x00000000b91df9a0,0x00000000c1e80000)
 Metaspace       used 106446K, capacity 113358K, committed 113556K, reserved 1146880K
  class space    used 14439K, capacity 15140K, committed 15252K, reserved 1048576K
Event: 76.195 GC heap after
Heap after GC invocations=26 (full 6):
 PSYoungGen      total 331776K, used 76278K [0x00000000e1980000, 0x00000000ff700000, 0x0000000100000000)
  eden space 255488K, 0% used [0x00000000e1980000,0x00000000e1980000,0x00000000f1300000)
  from space 76288K, 99% used [0x00000000f6c00000,0x00000000fb67da78,0x00000000fb680000)
  to   space 91136K, 0% used [0x00000000f1300000,0x00000000f1300000,0x00000000f6c00000)
 ParOldGen       total 477696K, used 336382K [0x00000000a4c00000, 0x00000000c1e80000, 0x00000000e1980000)
  object space 477696K, 70% used [0x00000000a4c00000,0x00000000b947f9a0,0x00000000c1e80000)
 Metaspace       used 106446K, capacity 113358K, committed 113556K, reserved 1146880K
  class space    used 14439K, capacity 15140K, committed 15252K, reserved 1048576K
}
Event: 76.462 GC heap before
{Heap before GC invocations=27 (full 6):
 PSYoungGen      total 331776K, used 331766K [0x00000000e1980000, 0x00000000ff700000, 0x0000000100000000)
  eden space 255488K, 100% used [0x00000000e1980000,0x00000000f1300000,0x00000000f1300000)
  from space 76288K, 99% used [0x00000000f6c00000,0x00000000fb67da78,0x00000000fb680000)
  to   space 91136K, 0% used [0x00000000f1300000,0x00000000f1300000,0x00000000f6c00000)
 ParOldGen       total 477696K, used 336382K [0x00000000a4c00000, 0x00000000c1e80000, 0x00000000e1980000)
  object space 477696K, 70% used [0x00000000a4c00000,0x00000000b947f9a0,0x00000000c1e80000)
 Metaspace       used 106446K, capacity 113358K, committed 113556K, reserved 1146880K
  class space    used 14439K, capacity 15140K, committed 15252K, reserved 1048576K
Event: 85.187 GC heap after
Heap after GC invocations=27 (full 6):
 PSYoungGen      total 346624K, used 70560K [0x00000000e1980000, 0x0000000100000000, 0x0000000100000000)
  eden space 255488K, 0% used [0x00000000e1980000,0x00000000e1980000,0x00000000f1300000)
  from space 91136K, 77% used [0x00000000f1300000,0x00000000f57e8030,0x00000000f6c00000)
  to   space 99840K, 0% used [0x00000000f9e80000,0x00000000f9e80000,0x0000000100000000)
 ParOldGen       total 477696K, used 414758K [0x00000000a4c00000, 0x00000000c1e80000, 0x00000000e1980000)
  object space 477696K, 86% used [0x00000000a4c00000,0x00000000be109a70,0x00000000c1e80000)
 Metaspace       used 106446K, capacity 113358K, committed 113556K, reserved 1146880K
  class space    used 14439K, capacity 15140K, committed 15252K, reserved 1048576K
}
Event: 85.802 GC heap before
{Heap before GC invocations=28 (full 7):
 PSYoungGen      total 346624K, used 70560K [0x00000000e1980000, 0x0000000100000000, 0x0000000100000000)
  eden space 255488K, 0% used [0x00000000e1980000,0x00000000e1980000,0x00000000f1300000)
  from space 91136K, 77% used [0x00000000f1300000,0x00000000f57e8030,0x00000000f6c00000)
  to   space 99840K, 0% used [0x00000000f9e80000,0x00000000f9e80000,0x0000000100000000)
 ParOldGen       total 477696K, used 414758K [0x00000000a4c00000, 0x00000000c1e80000, 0x00000000e1980000)
  object space 477696K, 86% used [0x00000000a4c00000,0x00000000be109a70,0x00000000c1e80000)
 Metaspace       used 106446K, capacity 113358K, committed 113556K, reserved 1146880K
  class space    used 14439K, capacity 15140K, committed 15252K, reserved 1048576K

